SF:lib/src/exceptions.dart
DA:9,2
DA:11,0
DA:12,0
DA:19,2
DA:21,0
DA:22,0
DA:29,2
DA:33,0
DA:34,0
LF:9
LH:3
end_of_record
SF:lib/src/migration_helper.dart
DA:25,0
DA:36,0
DA:44,0
DA:45,0
DA:47,0
DA:48,0
DA:50,0
DA:55,0
DA:63,0
DA:64,0
DA:68,0
DA:69,0
DA:72,0
DA:75,0
DA:83,0
DA:88,0
DA:95,0
DA:96,0
DA:98,0
DA:99,0
DA:101,0
DA:107,0
DA:114,0
DA:120,0
DA:128,0
DA:129,0
DA:130,0
DA:134,0
DA:135,0
DA:138,0
DA:143,0
DA:149,0
DA:154,0
DA:164,0
DA:167,0
DA:168,0
DA:169,0
DA:172,0
DA:173,0
DA:174,0
DA:184,0
DA:186,0
DA:187,0
DA:188,0
DA:191,0
DA:192,0
DA:197,0
DA:198,0
DA:203,0
DA:204,0
DA:209,0
DA:210,0
DA:211,0
DA:221,0
DA:236,0
DA:238,0
LF:56
LH:0
end_of_record
SF:lib/src/native_platform_kms.dart
DA:16,0
DA:20,0
DA:24,0
DA:25,0
DA:26,0
DA:27,0
DA:28,0
DA:29,0
DA:33,0
DA:37,0
DA:41,0
DA:42,0
DA:43,0
DA:44,0
DA:45,0
DA:46,0
DA:50,0
DA:53,0
DA:55,0
DA:60,0
DA:63,0
DA:65,0
LF:22
LH:0
end_of_record
SF:lib/src/platform_kms.dart
DA:43,2
DA:45,4
DA:46,1
DA:50,6
DA:51,2
DA:52,2
DA:53,2
DA:54,2
DA:56,6
DA:57,12
DA:63,1
DA:65,3
DA:66,1
DA:70,6
DA:71,0
DA:74,2
DA:85,1
DA:86,2
DA:87,6
DA:93,2
DA:98,1
LF:21
LH:20
end_of_record
SF:lib/src/storage.dart
DA:20,2
DA:26,2
DA:29,2
DA:30,4
DA:31,10
DA:32,10
DA:33,2
DA:34,2
DA:35,2
DA:38,6
DA:40,2
DA:41,0
DA:47,6
DA:50,4
DA:51,2
DA:57,2
DA:58,2
DA:62,3
DA:63,3
DA:64,1
DA:66,0
DA:73,2
DA:76,10
DA:77,10
DA:80,2
DA:81,4
DA:86,2
DA:87,1
DA:89,0
DA:94,2
DA:95,6
DA:99,2
DA:100,4
DA:101,0
DA:105,4
DA:106,2
DA:107,2
DA:109,0
DA:114,2
DA:115,6
DA:119,0
DA:120,0
DA:124,1
DA:126,2
DA:127,2
DA:135,2
DA:136,6
DA:139,2
DA:140,4
DA:143,0
DA:144,0
DA:160,2
DA:167,2
DA:168,2
DA:171,2
DA:172,2
DA:173,6
DA:174,6
DA:175,6
DA:176,2
DA:177,4
DA:178,4
DA:183,2
DA:184,2
DA:185,4
DA:186,4
DA:187,4
DA:188,2
DA:189,4
DA:190,4
LF:70
LH:61
end_of_record
SF:lib/src/zk_vault_impl.dart
DA:27,2
DA:36,2
DA:41,2
DA:42,0
DA:44,1
DA:50,2
DA:51,2
DA:53,2
DA:61,2
DA:62,6
DA:63,2
DA:65,4
DA:66,2
DA:68,4
DA:69,4
DA:78,2
DA:79,6
DA:80,2
DA:82,4
DA:83,2
DA:90,2
DA:91,2
DA:93,0
DA:101,1
DA:102,3
DA:103,1
DA:105,2
DA:106,1
DA:113,1
DA:114,3
DA:115,1
DA:117,2
DA:118,1
DA:119,2
DA:126,1
DA:127,3
DA:128,1
DA:130,2
DA:131,2
DA:139,2
DA:140,6
DA:141,2
DA:143,8
DA:144,2
DA:152,1
DA:153,3
DA:157,1
DA:158,4
DA:159,1
DA:162,2
DA:169,0
DA:171,0
DA:175,2
DA:176,4
DA:180,2
DA:183,1
DA:188,2
DA:190,2
DA:191,4
DA:192,4
DA:193,6
DA:197,4
DA:198,2
DA:199,2
DA:203,2
DA:205,2
DA:206,2
DA:207,2
DA:208,4
DA:209,4
DA:212,4
DA:215,6
DA:219,1
DA:220,1
DA:227,4
DA:228,1
DA:231,4
DA:233,0
DA:237,3
DA:243,2
DA:244,2
DA:247,2
DA:248,2
DA:249,4
DA:250,4
DA:254,4
DA:257,2
DA:263,2
DA:265,4
DA:266,6
DA:271,2
DA:272,2
DA:275,4
DA:278,2
DA:279,2
DA:280,2
DA:281,4
DA:285,2
DA:286,2
DA:293,2
DA:294,2
LF:101
LH:96
end_of_record
